<?xml version="1.0" encoding="UTF-8"?>
<!-- Generated by org.testng.reporters.JUnitReportReporter -->
<testsuite skipped="0" hostname="Rkhan-lt" name="tests.TestClass" tests="1" failures="0" timestamp="22 Sep 2019 23:24:32 GMT" time="50.355" errors="0">
  <testcase name="quickStartiOSNativeDemo" time="50.355" classname="tests.TestClass"/>
</testsuite> <!-- tests.TestClass -->
